<?xml version="1.0" encoding="UTF-8"?>
<!-- Generated by org.testng.reporters.JUnitXMLReporter -->
<testsuite ignored="0" hostname="LAPTOP-MDM1H7HV" failures="0" tests="3" name="Command line test" time="40.641" errors="0" timestamp="2020-02-26T14:12:19 ART">
  <testcase classname="testCases.SearchTest" name="searchWithNoResults" time="13.817"/>
  <testcase classname="testCases.SearchTest" name="searchWithResults" time="15.112"/>
  <testcase classname="testCases.SectionsTest" name="womanSection" time="11.625"/>
</testsuite> <!-- Command line test -->
