<?xml version="1.0" encoding="UTF-8"?>
<testng-results ignored="3" total="6" passed="3" failed="0" skipped="0">
  <reporter-output>
  </reporter-output>
  <suite started-at="2020-02-28T14:09:59 ART" name="Command line suite" finished-at="2020-02-28T14:10:37 ART" duration-ms="38184">
    <groups>
    </groups>
    <test started-at="2020-02-28T14:09:59 ART" name="Command line test" finished-at="2020-02-28T14:10:37 ART" duration-ms="38184">
      <class name="testCases.SelectTest">
        <test-method is-config="true" signature="setUp()[pri:0, instance:testCases.SelectTest@4671e53b]" started-at="2020-02-28T14:09:59 ART" name="setUp" finished-at="2020-02-28T14:10:07 ART" duration-ms="7941" status="PASS">
          <reporter-output>
          </reporter-output>
        </test-method> <!-- setUp -->
        <test-method signature="searchByInStock()[pri:0, instance:testCases.SelectTest@4671e53b]" started-at="2020-02-28T14:10:07 ART" name="searchByInStock" finished-at="2020-02-28T14:10:08 ART" duration-ms="1568" status="PASS">
          <reporter-output>
          </reporter-output>
        </test-method> <!-- searchByInStock -->
        <test-method is-config="true" signature="tearDown()[pri:0, instance:testCases.SelectTest@4671e53b]" started-at="2020-02-28T14:10:08 ART" name="tearDown" finished-at="2020-02-28T14:10:13 ART" duration-ms="4513" status="PASS">
          <reporter-output>
          </reporter-output>
        </test-method> <!-- tearDown -->
        <test-method is-config="true" signature="setUp()[pri:0, instance:testCases.SelectTest@4671e53b]" started-at="2020-02-28T14:10:13 ART" name="setUp" finished-at="2020-02-28T14:10:20 ART" duration-ms="6828" status="PASS">
          <reporter-output>
          </reporter-output>
        </test-method> <!-- setUp -->
        <test-method signature="searchByLowestFirst()[pri:0, instance:testCases.SelectTest@4671e53b]" started-at="2020-02-28T14:10:20 ART" name="searchByLowestFirst" finished-at="2020-02-28T14:10:22 ART" duration-ms="2398" status="PASS">
          <reporter-output>
          </reporter-output>
        </test-method> <!-- searchByLowestFirst -->
        <test-method is-config="true" signature="tearDown()[pri:0, instance:testCases.SelectTest@4671e53b]" started-at="2020-02-28T14:10:22 ART" name="tearDown" finished-at="2020-02-28T14:10:26 ART" duration-ms="3661" status="PASS">
          <reporter-output>
          </reporter-output>
        </test-method> <!-- tearDown -->
        <test-method is-config="true" signature="setUp()[pri:0, instance:testCases.SelectTest@4671e53b]" started-at="2020-02-28T14:10:26 ART" name="setUp" finished-at="2020-02-28T14:10:32 ART" duration-ms="6094" status="PASS">
          <reporter-output>
          </reporter-output>
        </test-method> <!-- setUp -->
        <test-method signature="searchByNameAtoZ()[pri:0, instance:testCases.SelectTest@4671e53b]" started-at="2020-02-28T14:10:32 ART" name="searchByNameAtoZ" finished-at="2020-02-28T14:10:33 ART" duration-ms="1468" status="PASS">
          <reporter-output>
          </reporter-output>
        </test-method> <!-- searchByNameAtoZ -->
        <test-method is-config="true" signature="tearDown()[pri:0, instance:testCases.SelectTest@4671e53b]" started-at="2020-02-28T14:10:33 ART" name="tearDown" finished-at="2020-02-28T14:10:37 ART" duration-ms="3666" status="PASS">
          <reporter-output>
          </reporter-output>
        </test-method> <!-- tearDown -->
      </class> <!-- testCases.SelectTest -->
    </test> <!-- Command line test -->
  </suite> <!-- Command line suite -->
</testng-results>
